#
# A fatal error has been detected by the Java Runtime Environment:
#
#  Internal Error (./open/src/hotspot/share/interpreter/oopMapCache.cpp:111), pid=9544, tid=8860
#  Error: ShouldNotReachHere()
#
# JRE version: OpenJDK Runtime Environment (15.0.2+7) (build 15.0.2+7-27)
# Java VM: OpenJDK 64-Bit Server VM (15.0.2+7-27, mixed mode, sharing, tiered, compressed oops, g1 gc, windows-amd64)
# No core dump will be written. Minidumps are not enabled by default on client versions of Windows
#
# If you would like to submit a bug report, please visit:
#   https://bugreport.java.com/bugreport/crash.jsp
#

---------------  S U M M A R Y ------------

Command Line: -agentlib:jdwp=transport=dt_socket,address=127.0.0.1:53594,suspend=y,server=n -ea -Didea.test.cyclic.buffer.size=1048576 -javaagent:d:\Users\kostya\AppData\Local\JetBrains\IdeaIC2020.3\captureAgent\debugger-agent.jar -Dfile.encoding=UTF-8 com.intellij.rt.junit.JUnitStarter -ideVersion5 -junit5 object.MemoryTest

Host: Intel(R) Core(TM) i3-2120 CPU @ 3.30GHz, 4 cores, 7G,  Windows 10 , 64 bit Build 14393 (10.0.14393.2906)
Time: Wed Jan 27 14:54:15 2021 Oeieyiaey (ceia) elapsed time: 999.187057 seconds (0d 0h 16m 39s)

---------------  T H R E A D  ---------------

Current thread (0x00000192dcbda930):  JavaThread "JDWP Transport Listener: dt_socket" daemon [_thread_in_vm, id=8860, stack(0x0000007b7b100000,0x0000007b7b200000)] _threads_hazard_ptr=0x00000192dcd65930

Stack: [0x0000007b7b100000,0x0000007b7b200000]
Native frames: (J=compiled Java code, j=interpreted, Vv=VM code, C=native code)
V  [jvm.dll+0x62ae9a]
V  [jvm.dll+0x7817a9]
V  [jvm.dll+0x782f03]
V  [jvm.dll+0x783517]
V  [jvm.dll+0x21628c]
V  [jvm.dll+0x2161d3]
V  [jvm.dll+0x619eea]
V  [jvm.dll+0x619ba3]
V  [jvm.dll+0x5df278]
V  [jvm.dll+0x77876f]
V  [jvm.dll+0x4f02e1]
V  [jvm.dll+0x7882b5]
V  [jvm.dll+0x4d40ea]
V  [jvm.dll+0x49526b]
C  [jdwp.dll+0x796b]


---------------  P R O C E S S  ---------------

Threads class SMR info:
_java_thread_list=0x00000192dcd65930, length=14, elements={
0x00000192b5d37620, 0x00000192dc1610e0, 0x00000192dc162cc0, 0x00000192dc17a7c0,
0x00000192dc17d280, 0x00000192dc17fd40, 0x00000192dc180bd0, 0x00000192dc181770,
0x00000192dc1dad80, 0x00000192dcb23d20, 0x00000192dcbda930, 0x00000192dcd0cd70,
0x00000192dcd0d260, 0x00000192dcd6c250
}

Java Threads: ( => current thread )
  0x00000192b5d37620 JavaThread "main" [_thread_blocked, id=10424, stack(0x0000007b7a100000,0x0000007b7a200000)]
  0x00000192dc1610e0 JavaThread "Reference Handler" daemon [_thread_blocked, id=8356, stack(0x0000007b7a800000,0x0000007b7a900000)]
  0x00000192dc162cc0 JavaThread "Finalizer" daemon [_thread_blocked, id=10600, stack(0x0000007b7a900000,0x0000007b7aa00000)]
  0x00000192dc17a7c0 JavaThread "Signal Dispatcher" daemon [_thread_blocked, id=7308, stack(0x0000007b7aa00000,0x0000007b7ab00000)]
  0x00000192dc17d280 JavaThread "Attach Listener" daemon [_thread_blocked, id=9584, stack(0x0000007b7ab00000,0x0000007b7ac00000)]
  0x00000192dc17fd40 JavaThread "Service Thread" daemon [_thread_blocked, id=11068, stack(0x0000007b7ac00000,0x0000007b7ad00000)]
  0x00000192dc180bd0 JavaThread "C2 CompilerThread0" daemon [_thread_blocked, id=9512, stack(0x0000007b7ad00000,0x0000007b7ae00000)]
  0x00000192dc181770 JavaThread "C1 CompilerThread0" daemon [_thread_blocked, id=1952, stack(0x0000007b7ae00000,0x0000007b7af00000)]
  0x00000192dc1dad80 JavaThread "Sweeper thread" daemon [_thread_blocked, id=10324, stack(0x0000007b7af00000,0x0000007b7b000000)]
  0x00000192dcb23d20 JavaThread "Common-Cleaner" daemon [_thread_blocked, id=11184, stack(0x0000007b7b000000,0x0000007b7b100000)]
=>0x00000192dcbda930 JavaThread "JDWP Transport Listener: dt_socket" daemon [_thread_in_vm, id=8860, stack(0x0000007b7b100000,0x0000007b7b200000)] _threads_hazard_ptr=0x00000192dcd65930
  0x00000192dcd0cd70 JavaThread "JDWP Event Helper Thread" daemon [_thread_blocked, id=8132, stack(0x0000007b7b200000,0x0000007b7b300000)]
  0x00000192dcd0d260 JavaThread "JDWP Command Reader" daemon [_thread_in_native, id=10236, stack(0x0000007b7b300000,0x0000007b7b400000)]
  0x00000192dcd6c250 JavaThread "Notification Thread" daemon [_thread_blocked, id=9412, stack(0x0000007b7b400000,0x0000007b7b500000)]

Other Threads:
  0x00000192dc15cc90 VMThread "VM Thread" [stack: 0x0000007b7a700000,0x0000007b7a800000] [id=628]
  0x00000192dcd69ae0 WatcherThread [stack: 0x0000007b7b500000,0x0000007b7b600000] [id=9632]
  0x00000192b5d79220 GCTaskThread "GC Thread#0" [stack: 0x0000007b7a200000,0x0000007b7a300000] [id=10724]
  0x00000192dcefc2c0 GCTaskThread "GC Thread#1" [stack: 0x0000007b7b600000,0x0000007b7b700000] [id=10296]
  0x00000192dcefc920 GCTaskThread "GC Thread#2" [stack: 0x0000007b7b700000,0x0000007b7b800000] [id=10844]
  0x00000192b5d8a2b0 ConcurrentGCThread "G1 Main Marker" [stack: 0x0000007b7a300000,0x0000007b7a400000] [id=10076]
  0x00000192b5d8ca70 ConcurrentGCThread "G1 Conc#0" [stack: 0x0000007b7a400000,0x0000007b7a500000] [id=5728]
  0x00000192b5e03f20 ConcurrentGCThread "G1 Refine#0" [stack: 0x0000007b7a500000,0x0000007b7a600000] [id=10248]
  0x00000192b5e04b20 ConcurrentGCThread "G1 Young RemSet Sampling" [stack: 0x0000007b7a600000,0x0000007b7a700000] [id=9740]

Threads with active compile tasks:

VM state: not at safepoint (normal execution)

VM Mutex/Monitor currently owned by a thread: None

Heap address: 0x0000000080600000, size: 2042 MB, Compressed Oops mode: 32-bit
CDS archive(s) mapped at: [0x0000000800000000-0x0000000800b50000-0x0000000800b50000), size 11862016, SharedBaseAddress: 0x0000000800000000, ArchiveRelocationMode: 0.
Compressed class space mapped at: 0x0000000800b50000-0x0000000840b50000, size: 1073741824
Narrow klass base: 0x0000000800000000, Narrow klass shift: 3, Narrow klass range: 0x100000000

GC Precious Log:
 CPUs: 4 total, 4 available
 Memory: 8166M
 Large Page Support: Disabled
 NUMA Support: Disabled
 Compressed Oops: Enabled (32-bit)
 Heap Region Size: 1M
 Heap Min Capacity: 8M
 Heap Initial Capacity: 128M
 Heap Max Capacity: 2042M
 Pre-touch: Disabled
 Parallel Workers: 4
 Concurrent Workers: 1
 Concurrent Refinement Workers: 4
 Periodic GC: Disabled

Heap:
 garbage-first heap   total 131072K, used 6923K [0x0000000080600000, 0x0000000100000000)
  region size 1024K, 8 young (8192K), 2 survivors (2048K)
 Metaspace       used 4473K, capacity 6863K, committed 7040K, reserved 1056768K
  class space    used 568K, capacity 792K, committed 896K, reserved 1048576K

Heap Regions: E=young(eden), S=young(survivor), O=old, HS=humongous(starts), HC=humongous(continues), CS=collection set, F=free, OA=open archive, CA=closed archive, TAMS=top-at-mark-start (previous, next)
|   0|0x0000000080600000, 0x0000000080600000, 0x0000000080700000|  0%| F|  |TAMS 0x0000000080600000, 0x0000000080600000| Untracked 
|   1|0x0000000080700000, 0x0000000080700000, 0x0000000080800000|  0%| F|  |TAMS 0x0000000080700000, 0x0000000080700000| Untracked 
|   2|0x0000000080800000, 0x0000000080800000, 0x0000000080900000|  0%| F|  |TAMS 0x0000000080800000, 0x0000000080800000| Untracked 
|   3|0x0000000080900000, 0x0000000080900000, 0x0000000080a00000|  0%| F|  |TAMS 0x0000000080900000, 0x0000000080900000| Untracked 
|   4|0x0000000080a00000, 0x0000000080a00000, 0x0000000080b00000|  0%| F|  |TAMS 0x0000000080a00000, 0x0000000080a00000| Untracked 
|   5|0x0000000080b00000, 0x0000000080b00000, 0x0000000080c00000|  0%| F|  |TAMS 0x0000000080b00000, 0x0000000080b00000| Untracked 
|   6|0x0000000080c00000, 0x0000000080c00000, 0x0000000080d00000|  0%| F|  |TAMS 0x0000000080c00000, 0x0000000080c00000| Untracked 
|   7|0x0000000080d00000, 0x0000000080d00000, 0x0000000080e00000|  0%| F|  |TAMS 0x0000000080d00000, 0x0000000080d00000| Untracked 
|   8|0x0000000080e00000, 0x0000000080e00000, 0x0000000080f00000|  0%| F|  |TAMS 0x0000000080e00000, 0x0000000080e00000| Untracked 
|   9|0x0000000080f00000, 0x0000000080f00000, 0x0000000081000000|  0%| F|  |TAMS 0x0000000080f00000, 0x0000000080f00000| Untracked 
|  10|0x0000000081000000, 0x0000000081000000, 0x0000000081100000|  0%| F|  |TAMS 0x0000000081000000, 0x0000000081000000| Untracked 
|  11|0x0000000081100000, 0x0000000081100000, 0x0000000081200000|  0%| F|  |TAMS 0x0000000081100000, 0x0000000081100000| Untracked 
|  12|0x0000000081200000, 0x0000000081200000, 0x0000000081300000|  0%| F|  |TAMS 0x0000000081200000, 0x0000000081200000| Untracked 
|  13|0x0000000081300000, 0x0000000081300000, 0x0000000081400000|  0%| F|  |TAMS 0x0000000081300000, 0x0000000081300000| Untracked 
|  14|0x0000000081400000, 0x0000000081400000, 0x0000000081500000|  0%| F|  |TAMS 0x0000000081400000, 0x0000000081400000| Untracked 
|  15|0x0000000081500000, 0x0000000081500000, 0x0000000081600000|  0%| F|  |TAMS 0x0000000081500000, 0x0000000081500000| Untracked 
|  16|0x0000000081600000, 0x0000000081600000, 0x0000000081700000|  0%| F|  |TAMS 0x0000000081600000, 0x0000000081600000| Untracked 
|  17|0x0000000081700000, 0x0000000081700000, 0x0000000081800000|  0%| F|  |TAMS 0x0000000081700000, 0x0000000081700000| Untracked 
|  18|0x0000000081800000, 0x0000000081800000, 0x0000000081900000|  0%| F|  |TAMS 0x0000000081800000, 0x0000000081800000| Untracked 
|  19|0x0000000081900000, 0x0000000081900000, 0x0000000081a00000|  0%| F|  |TAMS 0x0000000081900000, 0x0000000081900000| Untracked 
|  20|0x0000000081a00000, 0x0000000081a00000, 0x0000000081b00000|  0%| F|  |TAMS 0x0000000081a00000, 0x0000000081a00000| Untracked 
|  21|0x0000000081b00000, 0x0000000081b00000, 0x0000000081c00000|  0%| F|  |TAMS 0x0000000081b00000, 0x0000000081b00000| Untracked 
|  22|0x0000000081c00000, 0x0000000081c00000, 0x0000000081d00000|  0%| F|  |TAMS 0x0000000081c00000, 0x0000000081c00000| Untracked 
|  23|0x0000000081d00000, 0x0000000081d00000, 0x0000000081e00000|  0%| F|  |TAMS 0x0000000081d00000, 0x0000000081d00000| Untracked 
|  24|0x0000000081e00000, 0x0000000081e00000, 0x0000000081f00000|  0%| F|  |TAMS 0x0000000081e00000, 0x0000000081e00000| Untracked 
|  25|0x0000000081f00000, 0x0000000081f00000, 0x0000000082000000|  0%| F|  |TAMS 0x0000000081f00000, 0x0000000081f00000| Untracked 
|  26|0x0000000082000000, 0x0000000082000000, 0x0000000082100000|  0%| F|  |TAMS 0x0000000082000000, 0x0000000082000000| Untracked 
|  27|0x0000000082100000, 0x0000000082100000, 0x0000000082200000|  0%| F|  |TAMS 0x0000000082100000, 0x0000000082100000| Untracked 
|  28|0x0000000082200000, 0x0000000082200000, 0x0000000082300000|  0%| F|  |TAMS 0x0000000082200000, 0x0000000082200000| Untracked 
|  29|0x0000000082300000, 0x0000000082300000, 0x0000000082400000|  0%| F|  |TAMS 0x0000000082300000, 0x0000000082300000| Untracked 
|  30|0x0000000082400000, 0x0000000082400000, 0x0000000082500000|  0%| F|  |TAMS 0x0000000082400000, 0x0000000082400000| Untracked 
|  31|0x0000000082500000, 0x0000000082500000, 0x0000000082600000|  0%| F|  |TAMS 0x0000000082500000, 0x0000000082500000| Untracked 
|  32|0x0000000082600000, 0x0000000082600000, 0x0000000082700000|  0%| F|  |TAMS 0x0000000082600000, 0x0000000082600000| Untracked 
|  33|0x0000000082700000, 0x0000000082700000, 0x0000000082800000|  0%| F|  |TAMS 0x0000000082700000, 0x0000000082700000| Untracked 
|  34|0x0000000082800000, 0x0000000082800000, 0x0000000082900000|  0%| F|  |TAMS 0x0000000082800000, 0x0000000082800000| Untracked 
|  35|0x0000000082900000, 0x0000000082900000, 0x0000000082a00000|  0%| F|  |TAMS 0x0000000082900000, 0x0000000082900000| Untracked 
|  36|0x0000000082a00000, 0x0000000082a00000, 0x0000000082b00000|  0%| F|  |TAMS 0x0000000082a00000, 0x0000000082a00000| Untracked 
|  37|0x0000000082b00000, 0x0000000082b00000, 0x0000000082c00000|  0%| F|  |TAMS 0x0000000082b00000, 0x0000000082b00000| Untracked 
|  38|0x0000000082c00000, 0x0000000082c00000, 0x0000000082d00000|  0%| F|  |TAMS 0x0000000082c00000, 0x0000000082c00000| Untracked 
|  39|0x0000000082d00000, 0x0000000082d00000, 0x0000000082e00000|  0%| F|  |TAMS 0x0000000082d00000, 0x0000000082d00000| Untracked 
|  40|0x0000000082e00000, 0x0000000082e00000, 0x0000000082f00000|  0%| F|  |TAMS 0x0000000082e00000, 0x0000000082e00000| Untracked 
|  41|0x0000000082f00000, 0x0000000082f00000, 0x0000000083000000|  0%| F|  |TAMS 0x0000000082f00000, 0x0000000082f00000| Untracked 
|  42|0x0000000083000000, 0x0000000083000000, 0x0000000083100000|  0%| F|  |TAMS 0x0000000083000000, 0x0000000083000000| Untracked 
|  43|0x0000000083100000, 0x0000000083100000, 0x0000000083200000|  0%| F|  |TAMS 0x0000000083100000, 0x0000000083100000| Untracked 
|  44|0x0000000083200000, 0x0000000083200000, 0x0000000083300000|  0%| F|  |TAMS 0x0000000083200000, 0x0000000083200000| Untracked 
|  45|0x0000000083300000, 0x0000000083300000, 0x0000000083400000|  0%| F|  |TAMS 0x0000000083300000, 0x0000000083300000| Untracked 
|  46|0x0000000083400000, 0x0000000083400000, 0x0000000083500000|  0%| F|  |TAMS 0x0000000083400000, 0x0000000083400000| Untracked 
|  47|0x0000000083500000, 0x0000000083500000, 0x0000000083600000|  0%| F|  |TAMS 0x0000000083500000, 0x0000000083500000| Untracked 
|  48|0x0000000083600000, 0x0000000083600000, 0x0000000083700000|  0%| F|  |TAMS 0x0000000083600000, 0x0000000083600000| Untracked 
|  49|0x0000000083700000, 0x0000000083700000, 0x0000000083800000|  0%| F|  |TAMS 0x0000000083700000, 0x0000000083700000| Untracked 
|  50|0x0000000083800000, 0x0000000083800000, 0x0000000083900000|  0%| F|  |TAMS 0x0000000083800000, 0x0000000083800000| Untracked 
|  51|0x0000000083900000, 0x0000000083900000, 0x0000000083a00000|  0%| F|  |TAMS 0x0000000083900000, 0x0000000083900000| Untracked 
|  52|0x0000000083a00000, 0x0000000083a00000, 0x0000000083b00000|  0%| F|  |TAMS 0x0000000083a00000, 0x0000000083a00000| Untracked 
|  53|0x0000000083b00000, 0x0000000083b00000, 0x0000000083c00000|  0%| F|  |TAMS 0x0000000083b00000, 0x0000000083b00000| Untracked 
|  54|0x0000000083c00000, 0x0000000083c00000, 0x0000000083d00000|  0%| F|  |TAMS 0x0000000083c00000, 0x0000000083c00000| Untracked 
|  55|0x0000000083d00000, 0x0000000083d00000, 0x0000000083e00000|  0%| F|  |TAMS 0x0000000083d00000, 0x0000000083d00000| Untracked 
|  56|0x0000000083e00000, 0x0000000083e00000, 0x0000000083f00000|  0%| F|  |TAMS 0x0000000083e00000, 0x0000000083e00000| Untracked 
|  57|0x0000000083f00000, 0x0000000083f00000, 0x0000000084000000|  0%| F|  |TAMS 0x0000000083f00000, 0x0000000083f00000| Untracked 
|  58|0x0000000084000000, 0x0000000084000000, 0x0000000084100000|  0%| F|  |TAMS 0x0000000084000000, 0x0000000084000000| Untracked 
|  59|0x0000000084100000, 0x0000000084100000, 0x0000000084200000|  0%| F|  |TAMS 0x0000000084100000, 0x0000000084100000| Untracked 
|  60|0x0000000084200000, 0x0000000084200000, 0x0000000084300000|  0%| F|  |TAMS 0x0000000084200000, 0x0000000084200000| Untracked 
|  61|0x0000000084300000, 0x0000000084300000, 0x0000000084400000|  0%| F|  |TAMS 0x0000000084300000, 0x0000000084300000| Untracked 
|  62|0x0000000084400000, 0x0000000084400000, 0x0000000084500000|  0%| F|  |TAMS 0x0000000084400000, 0x0000000084400000| Untracked 
|  63|0x0000000084500000, 0x0000000084500000, 0x0000000084600000|  0%| F|  |TAMS 0x0000000084500000, 0x0000000084500000| Untracked 
|  64|0x0000000084600000, 0x0000000084600000, 0x0000000084700000|  0%| F|  |TAMS 0x0000000084600000, 0x0000000084600000| Untracked 
|  65|0x0000000084700000, 0x0000000084700000, 0x0000000084800000|  0%| F|  |TAMS 0x0000000084700000, 0x0000000084700000| Untracked 
|  66|0x0000000084800000, 0x0000000084800000, 0x0000000084900000|  0%| F|  |TAMS 0x0000000084800000, 0x0000000084800000| Untracked 
|  67|0x0000000084900000, 0x0000000084900000, 0x0000000084a00000|  0%| F|  |TAMS 0x0000000084900000, 0x0000000084900000| Untracked 
|  68|0x0000000084a00000, 0x0000000084a00000, 0x0000000084b00000|  0%| F|  |TAMS 0x0000000084a00000, 0x0000000084a00000| Untracked 
|  69|0x0000000084b00000, 0x0000000084b00000, 0x0000000084c00000|  0%| F|  |TAMS 0x0000000084b00000, 0x0000000084b00000| Untracked 
|  70|0x0000000084c00000, 0x0000000084c00000, 0x0000000084d00000|  0%| F|  |TAMS 0x0000000084c00000, 0x0000000084c00000| Untracked 
|  71|0x0000000084d00000, 0x0000000084d00000, 0x0000000084e00000|  0%| F|  |TAMS 0x0000000084d00000, 0x0000000084d00000| Untracked 
|  72|0x0000000084e00000, 0x0000000084e00000, 0x0000000084f00000|  0%| F|  |TAMS 0x0000000084e00000, 0x0000000084e00000| Untracked 
|  73|0x0000000084f00000, 0x0000000084f00000, 0x0000000085000000|  0%| F|  |TAMS 0x0000000084f00000, 0x0000000084f00000| Untracked 
|  74|0x0000000085000000, 0x0000000085000000, 0x0000000085100000|  0%| F|  |TAMS 0x0000000085000000, 0x0000000085000000| Untracked 
|  75|0x0000000085100000, 0x0000000085100000, 0x0000000085200000|  0%| F|  |TAMS 0x0000000085100000, 0x0000000085100000| Untracked 
|  76|0x0000000085200000, 0x0000000085200000, 0x0000000085300000|  0%| F|  |TAMS 0x0000000085200000, 0x0000000085200000| Untracked 
|  77|0x0000000085300000, 0x0000000085300000, 0x0000000085400000|  0%| F|  |TAMS 0x0000000085300000, 0x0000000085300000| Untracked 
|  78|0x0000000085400000, 0x0000000085400000, 0x0000000085500000|  0%| F|  |TAMS 0x0000000085400000, 0x0000000085400000| Untracked 
|  79|0x0000000085500000, 0x0000000085500000, 0x0000000085600000|  0%| F|  |TAMS 0x0000000085500000, 0x0000000085500000| Untracked 
|  80|0x0000000085600000, 0x0000000085600000, 0x0000000085700000|  0%| F|  |TAMS 0x0000000085600000, 0x0000000085600000| Untracked 
|  81|0x0000000085700000, 0x0000000085700000, 0x0000000085800000|  0%| F|  |TAMS 0x0000000085700000, 0x0000000085700000| Untracked 
|  82|0x0000000085800000, 0x0000000085800000, 0x0000000085900000|  0%| F|  |TAMS 0x0000000085800000, 0x0000000085800000| Untracked 
|  83|0x0000000085900000, 0x0000000085900000, 0x0000000085a00000|  0%| F|  |TAMS 0x0000000085900000, 0x0000000085900000| Untracked 
|  84|0x0000000085a00000, 0x0000000085a00000, 0x0000000085b00000|  0%| F|  |TAMS 0x0000000085a00000, 0x0000000085a00000| Untracked 
|  85|0x0000000085b00000, 0x0000000085b00000, 0x0000000085c00000|  0%| F|  |TAMS 0x0000000085b00000, 0x0000000085b00000| Untracked 
|  86|0x0000000085c00000, 0x0000000085c00000, 0x0000000085d00000|  0%| F|  |TAMS 0x0000000085c00000, 0x0000000085c00000| Untracked 
|  87|0x0000000085d00000, 0x0000000085d00000, 0x0000000085e00000|  0%| F|  |TAMS 0x0000000085d00000, 0x0000000085d00000| Untracked 
|  88|0x0000000085e00000, 0x0000000085e00000, 0x0000000085f00000|  0%| F|  |TAMS 0x0000000085e00000, 0x0000000085e00000| Untracked 
|  89|0x0000000085f00000, 0x0000000085f00000, 0x0000000086000000|  0%| F|  |TAMS 0x0000000085f00000, 0x0000000085f00000| Untracked 
|  90|0x0000000086000000, 0x0000000086000000, 0x0000000086100000|  0%| F|  |TAMS 0x0000000086000000, 0x0000000086000000| Untracked 
|  91|0x0000000086100000, 0x0000000086100000, 0x0000000086200000|  0%| F|  |TAMS 0x0000000086100000, 0x0000000086100000| Untracked 
|  92|0x0000000086200000, 0x0000000086200000, 0x0000000086300000|  0%| F|  |TAMS 0x0000000086200000, 0x0000000086200000| Untracked 
|  93|0x0000000086300000, 0x0000000086300000, 0x0000000086400000|  0%| F|  |TAMS 0x0000000086300000, 0x0000000086300000| Untracked 
|  94|0x0000000086400000, 0x0000000086400000, 0x0000000086500000|  0%| F|  |TAMS 0x0000000086400000, 0x0000000086400000| Untracked 
|  95|0x0000000086500000, 0x0000000086500000, 0x0000000086600000|  0%| F|  |TAMS 0x0000000086500000, 0x0000000086500000| Untracked 
|  96|0x0000000086600000, 0x0000000086600000, 0x0000000086700000|  0%| F|  |TAMS 0x0000000086600000, 0x0000000086600000| Untracked 
|  97|0x0000000086700000, 0x0000000086700000, 0x0000000086800000|  0%| F|  |TAMS 0x0000000086700000, 0x0000000086700000| Untracked 
|  98|0x0000000086800000, 0x0000000086800000, 0x0000000086900000|  0%| F|  |TAMS 0x0000000086800000, 0x0000000086800000| Untracked 
|  99|0x0000000086900000, 0x0000000086900000, 0x0000000086a00000|  0%| F|  |TAMS 0x0000000086900000, 0x0000000086900000| Untracked 
| 100|0x0000000086a00000, 0x0000000086a00000, 0x0000000086b00000|  0%| F|  |TAMS 0x0000000086a00000, 0x0000000086a00000| Untracked 
| 101|0x0000000086b00000, 0x0000000086b00000, 0x0000000086c00000|  0%| F|  |TAMS 0x0000000086b00000, 0x0000000086b00000| Untracked 
| 102|0x0000000086c00000, 0x0000000086c00000, 0x0000000086d00000|  0%| F|  |TAMS 0x0000000086c00000, 0x0000000086c00000| Untracked 
| 103|0x0000000086d00000, 0x0000000086d00000, 0x0000000086e00000|  0%| F|  |TAMS 0x0000000086d00000, 0x0000000086d00000| Untracked 
| 104|0x0000000086e00000, 0x0000000086e00000, 0x0000000086f00000|  0%| F|  |TAMS 0x0000000086e00000, 0x0000000086e00000| Untracked 
| 105|0x0000000086f00000, 0x0000000086f00000, 0x0000000087000000|  0%| F|  |TAMS 0x0000000086f00000, 0x0000000086f00000| Untracked 
| 106|0x0000000087000000, 0x0000000087000000, 0x0000000087100000|  0%| F|  |TAMS 0x0000000087000000, 0x0000000087000000| Untracked 
| 107|0x0000000087100000, 0x0000000087100000, 0x0000000087200000|  0%| F|  |TAMS 0x0000000087100000, 0x0000000087100000| Untracked 
| 108|0x0000000087200000, 0x0000000087200000, 0x0000000087300000|  0%| F|  |TAMS 0x0000000087200000, 0x0000000087200000| Untracked 
| 109|0x0000000087300000, 0x0000000087300000, 0x0000000087400000|  0%| F|  |TAMS 0x0000000087300000, 0x0000000087300000| Untracked 
| 110|0x0000000087400000, 0x0000000087400000, 0x0000000087500000|  0%| F|  |TAMS 0x0000000087400000, 0x0000000087400000| Untracked 
| 111|0x0000000087500000, 0x0000000087500000, 0x0000000087600000|  0%| F|  |TAMS 0x0000000087500000, 0x0000000087500000| Untracked 
| 112|0x0000000087600000, 0x0000000087600000, 0x0000000087700000|  0%| F|  |TAMS 0x0000000087600000, 0x0000000087600000| Untracked 
| 113|0x0000000087700000, 0x00000000877c2e70, 0x0000000087800000| 76%| S|CS|TAMS 0x0000000087700000, 0x0000000087700000| Complete 
| 114|0x0000000087800000, 0x0000000087900000, 0x0000000087900000|100%| S|CS|TAMS 0x0000000087800000, 0x0000000087800000| Complete 
| 115|0x0000000087900000, 0x0000000087900000, 0x0000000087a00000|  0%| F|  |TAMS 0x0000000087900000, 0x0000000087900000| Untracked 
| 116|0x0000000087a00000, 0x0000000087a00000, 0x0000000087b00000|  0%| F|  |TAMS 0x0000000087a00000, 0x0000000087a00000| Untracked 
| 117|0x0000000087b00000, 0x0000000087b00000, 0x0000000087c00000|  0%| F|  |TAMS 0x0000000087b00000, 0x0000000087b00000| Untracked 
| 118|0x0000000087c00000, 0x0000000087c00000, 0x0000000087d00000|  0%| F|  |TAMS 0x0000000087c00000, 0x0000000087c00000| Untracked 
| 119|0x0000000087d00000, 0x0000000087d00000, 0x0000000087e00000|  0%| F|  |TAMS 0x0000000087d00000, 0x0000000087d00000| Untracked 
| 120|0x0000000087e00000, 0x0000000087e00000, 0x0000000087f00000|  0%| F|  |TAMS 0x0000000087e00000, 0x0000000087e00000| Untracked 
| 121|0x0000000087f00000, 0x0000000087f00000, 0x0000000088000000|  0%| F|  |TAMS 0x0000000087f00000, 0x0000000087f00000| Untracked 
| 122|0x0000000088000000, 0x000000008802a008, 0x0000000088100000| 16%| E|  |TAMS 0x0000000088000000, 0x0000000088000000| Complete 
| 123|0x0000000088100000, 0x0000000088200000, 0x0000000088200000|100%| E|CS|TAMS 0x0000000088100000, 0x0000000088100000| Complete 
| 124|0x0000000088200000, 0x0000000088300000, 0x0000000088300000|100%| E|CS|TAMS 0x0000000088200000, 0x0000000088200000| Complete 
| 125|0x0000000088300000, 0x0000000088400000, 0x0000000088400000|100%| E|CS|TAMS 0x0000000088300000, 0x0000000088300000| Complete 
| 126|0x0000000088400000, 0x0000000088500000, 0x0000000088500000|100%| E|CS|TAMS 0x0000000088400000, 0x0000000088400000| Complete 
| 127|0x0000000088500000, 0x0000000088600000, 0x0000000088600000|100%| E|CS|TAMS 0x0000000088500000, 0x0000000088500000| Complete 

Card table byte_map: [0x00000192d54d0000,0x00000192d58d0000] _byte_map_base: 0x00000192d50cd000

Marking Bits (Prev, Next): (CMBitMap*) 0x00000192b5d79a10, (CMBitMap*) 0x00000192b5d79a50
 Prev Bits: [0x00000192d5cd0000, 0x00000192d7cb8000)
 Next Bits: [0x00000192d7cc0000, 0x00000192d9ca8000)

Polling page: 0x00000192b3d40000

Metaspace:

Usage:
  Non-class:      5.93 MB capacity,     3.81 MB ( 64%) used,     2.11 MB ( 36%) free+waste,     8.00 KB ( <1%) overhead. 
      Class:    792.00 KB capacity,   568.81 KB ( 72%) used,   219.25 KB ( 28%) free+waste,     3.94 KB ( <1%) overhead. 
       Both:      6.70 MB capacity,     4.37 MB ( 65%) used,     2.32 MB ( 35%) free+waste,    11.94 KB ( <1%) overhead. 

Virtual space:
  Non-class space:        8.00 MB reserved,       6.00 MB ( 75%) committed 
      Class space:        1.00 GB reserved,     896.00 KB ( <1%) committed 
             Both:        1.01 GB reserved,       6.88 MB ( <1%) committed 

Chunk freelists:
   Non-Class:  9.00 KB
       Class:  8.00 KB
        Both:  17.00 KB

MaxMetaspaceSize: 17179869184.00 GB
CompressedClassSpaceSize: 1.00 GB

CodeHeap 'non-profiled nmethods': size=120000Kb used=337Kb max_used=337Kb free=119662Kb
 bounds [0x00000192cdba0000, 0x00000192cde10000, 0x00000192d50d0000]
CodeHeap 'profiled nmethods': size=120000Kb used=1983Kb max_used=1983Kb free=118016Kb
 bounds [0x00000192c6670000, 0x00000192c68e0000, 0x00000192cdba0000]
CodeHeap 'non-nmethods': size=5760Kb used=1228Kb max_used=1242Kb free=4531Kb
 bounds [0x00000192c60d0000, 0x00000192c6340000, 0x00000192c6670000]
 total_blobs=1465 nmethods=1072 adapters=306
 compilation: enabled
              stopped_count=0, restarted_count=0
 full_count=0

Compilation events (20 events):
Event: 7.410 Thread 0x00000192dc181770 1063       3       java.util.stream.Sink$ChainedReference::end (10 bytes)
Event: 7.410 Thread 0x00000192dc181770 nmethod 1063 0x00000192c685b190 code [0x00000192c685b340, 0x00000192c685b508]
Event: 8.199 Thread 0x00000192dc181770 1064       3       java.util.stream.StreamSpliterators$AbstractWrappingSpliterator::init (29 bytes)
Event: 8.199 Thread 0x00000192dc181770 nmethod 1064 0x00000192c685b610 code [0x00000192c685b7c0, 0x00000192c685bb68]
Event: 8.199 Thread 0x00000192dc181770 1065       3       java.util.Collection::stream (11 bytes)
Event: 8.200 Thread 0x00000192dc181770 nmethod 1065 0x00000192c685bc90 code [0x00000192c685be40, 0x00000192c685c038]
Event: 8.200 Thread 0x00000192dc181770 1066       3       java.util.Collections$UnmodifiableCollection::contains (11 bytes)
Event: 8.200 Thread 0x00000192dc181770 nmethod 1066 0x00000192c685c110 code [0x00000192c685c2c0, 0x00000192c685c4a8]
Event: 8.200 Thread 0x00000192dc181770 1070       3       java.util.stream.AbstractPipeline::wrapSink (37 bytes)
Event: 8.201 Thread 0x00000192dc181770 nmethod 1070 0x00000192c685c590 code [0x00000192c685c760, 0x00000192c685cb78]
Event: 8.201 Thread 0x00000192dc181770 1069       3       java.util.stream.AbstractPipeline::sourceSpliterator (265 bytes)
Event: 8.203 Thread 0x00000192dc181770 nmethod 1069 0x00000192c685cd10 code [0x00000192c685cfa0, 0x00000192c685df68]
Event: 8.203 Thread 0x00000192dc181770 1071       3       java.util.Spliterator::getExactSizeIfKnown (25 bytes)
Event: 8.204 Thread 0x00000192dc181770 nmethod 1071 0x00000192c685e490 code [0x00000192c685e640, 0x00000192c685e938]
Event: 8.204 Thread 0x00000192dc181770 1072       3       java.util.stream.Sink::end (1 bytes)
Event: 8.204 Thread 0x00000192dc181770 nmethod 1072 0x00000192c685ea10 code [0x00000192c685eba0, 0x00000192c685ec98]
Event: 8.204 Thread 0x00000192dc181770 1067       3       java.util.RegularEnumSet::contains (57 bytes)
Event: 8.204 Thread 0x00000192dc181770 nmethod 1067 0x00000192c685ed10 code [0x00000192c685eee0, 0x00000192c685f2e8]
Event: 8.205 Thread 0x00000192dc181770 1068       3       java.util.stream.ReferencePipeline::filter (22 bytes)
Event: 8.205 Thread 0x00000192dc181770 nmethod 1068 0x00000192c685f410 code [0x00000192c685f600, 0x00000192c685fb38]

GC Heap History (2 events):
Event: 1.408 GC heap before
{Heap before GC invocations=0 (full 0):
 garbage-first heap   total 131072K, used 13312K [0x0000000080600000, 0x0000000100000000)
  region size 1024K, 13 young (13312K), 0 survivors (0K)
 Metaspace       used 3389K, capacity 6099K, committed 6400K, reserved 1056768K
  class space    used 400K, capacity 645K, committed 768K, reserved 1048576K
}
Event: 1.414 GC heap after
{Heap after GC invocations=1 (full 0):
 garbage-first heap   total 131072K, used 1803K [0x0000000080600000, 0x0000000100000000)
  region size 1024K, 2 young (2048K), 2 survivors (2048K)
 Metaspace       used 3389K, capacity 6099K, committed 6400K, reserved 1056768K
  class space    used 400K, capacity 645K, committed 768K, reserved 1048576K
}

Deoptimization events (20 events):
Event: 6.481 Thread 0x00000192b5d37620 Uncommon trap: trap_request=0xffffff45 fr.pc=0x00000192cdba94ec relative=0x00000000000001cc
Event: 6.481 Thread 0x00000192b5d37620 Uncommon trap: reason=unstable_if action=reinterpret pc=0x00000192cdba94ec method=java.lang.String.isLatin1()Z @ 10 c2
Event: 6.481 Thread 0x00000192b5d37620 DEOPT PACKING pc=0x00000192cdba94ec sp=0x0000007b7a1fc270
Event: 6.481 Thread 0x00000192b5d37620 DEOPT UNPACKING pc=0x00000192c611e42f sp=0x0000007b7a1fc1a0 mode 2
Event: 7.396 Thread 0x00000192b5d37620 Uncommon trap: trap_request=0xffffffde fr.pc=0x00000192cdbf2d48 relative=0x0000000000000128
Event: 7.396 Thread 0x00000192b5d37620 Uncommon trap: reason=class_check action=maybe_recompile pc=0x00000192cdbf2d48 method=jdk.internal.misc.Unsafe.allocateUninitializedArray(Ljava/lang/Class;I)Ljava/lang/Object; @ 51 c2
Event: 7.396 Thread 0x00000192b5d37620 DEOPT PACKING pc=0x00000192cdbf2d48 sp=0x0000007b7a1fcb60
Event: 7.396 Thread 0x00000192b5d37620 DEOPT UNPACKING pc=0x00000192c611e42f sp=0x0000007b7a1fcae8 mode 2
Event: 7.396 Thread 0x00000192b5d37620 Uncommon trap: trap_request=0xffffffde fr.pc=0x00000192cdbf2d48 relative=0x0000000000000128
Event: 7.396 Thread 0x00000192b5d37620 Uncommon trap: reason=class_check action=maybe_recompile pc=0x00000192cdbf2d48 method=jdk.internal.misc.Unsafe.allocateUninitializedArray(Ljava/lang/Class;I)Ljava/lang/Object; @ 51 c2
Event: 7.396 Thread 0x00000192b5d37620 DEOPT PACKING pc=0x00000192cdbf2d48 sp=0x0000007b7a1fcad0
Event: 7.396 Thread 0x00000192b5d37620 DEOPT UNPACKING pc=0x00000192c611e42f sp=0x0000007b7a1fca58 mode 2
Event: 7.396 Thread 0x00000192b5d37620 Uncommon trap: trap_request=0xffffffde fr.pc=0x00000192cdbf2d48 relative=0x0000000000000128
Event: 7.396 Thread 0x00000192b5d37620 Uncommon trap: reason=class_check action=maybe_recompile pc=0x00000192cdbf2d48 method=jdk.internal.misc.Unsafe.allocateUninitializedArray(Ljava/lang/Class;I)Ljava/lang/Object; @ 51 c2
Event: 7.396 Thread 0x00000192b5d37620 DEOPT PACKING pc=0x00000192cdbf2d48 sp=0x0000007b7a1fc990
Event: 7.396 Thread 0x00000192b5d37620 DEOPT UNPACKING pc=0x00000192c611e42f sp=0x0000007b7a1fc918 mode 2
Event: 7.396 Thread 0x00000192b5d37620 Uncommon trap: trap_request=0xffffffde fr.pc=0x00000192cdbf2d48 relative=0x0000000000000128
Event: 7.396 Thread 0x00000192b5d37620 Uncommon trap: reason=class_check action=maybe_recompile pc=0x00000192cdbf2d48 method=jdk.internal.misc.Unsafe.allocateUninitializedArray(Ljava/lang/Class;I)Ljava/lang/Object; @ 51 c2
Event: 7.396 Thread 0x00000192b5d37620 DEOPT PACKING pc=0x00000192cdbf2d48 sp=0x0000007b7a1fcb90
Event: 7.396 Thread 0x00000192b5d37620 DEOPT UNPACKING pc=0x00000192c611e42f sp=0x0000007b7a1fcb18 mode 2

Classes unloaded (0 events):
No events

Classes redefined (2 events):
Event: 237.021 Thread 0x00000192dc15cc90 redefined class name=object.Memory, count=1
Event: 461.644 Thread 0x00000192dc15cc90 redefined class name=object.Memory, count=2

Internal exceptions (20 events):
Event: 1.145 Thread 0x00000192b5d37620 Exception <a 'java/lang/NoSuchMethodError'{0x0000000087bcb808}: 'java.lang.Object java.lang.invoke.DirectMethodHandle$Holder.invokeSpecialIFC(java.lang.Object, java.lang.Object, java.lang.Object, java.lang.Object)'> (0x0000000087bcb808) 
thrown [./open/src/hotspot/share/interpreter/linkResolver.cpp, line 782]
Event: 1.183 Thread 0x00000192b5d37620 Exception <a 'java/lang/NoSuchMethodError'{0x0000000087a37a90}: 'void java.lang.invoke.DirectMethodHandle$Holder.invokeInterface(java.lang.Object, java.lang.Object, java.lang.Object)'> (0x0000000087a37a90) 
thrown [./open/src/hotspot/share/interpreter/linkResolver.cpp, line 782]
Event: 1.209 Thread 0x00000192b5d37620 Exception <a 'java/lang/NoSuchMethodError'{0x0000000087a7cda0}: 'java.lang.Object java.lang.invoke.DirectMethodHandle$Holder.newInvokeSpecial(java.lang.Object, java.lang.Object, java.lang.Object, java.lang.Object, java.lang.Object, java.lang.Object)'> (0x0000000087a7cda0) 
thrown [./open/src/hotspot/share/interpreter/linkResolver.cpp, line 782]
Event: 1.226 Thread 0x00000192b5d37620 Exception <a 'java/lang/NoSuchMethodError'{0x0000000087acbc70}: 'void java.lang.invoke.DirectMethodHandle$Holder.invokeInterface(java.lang.Object, java.lang.Object, java.lang.Object, java.lang.Object, java.lang.Object)'> (0x0000000087acbc70) 
thrown [./open/src/hotspot/share/interpreter/linkResolver.cpp, line 782]
Event: 1.226 Thread 0x00000192b5d37620 Exception <a 'java/lang/IncompatibleClassChangeError'{0x0000000087acfb40}: Found class java.lang.Object, but interface was expected> (0x0000000087acfb40) 
thrown [./open/src/hotspot/share/interpreter/linkResolver.cpp, line 848]
Event: 1.324 Thread 0x00000192b5d37620 Exception <a 'java/lang/IncompatibleClassChangeError'{0x0000000087924b40}: Found class java.lang.Object, but interface was expected> (0x0000000087924b40) 
thrown [./open/src/hotspot/share/interpreter/linkResolver.cpp, line 848]
Event: 1.339 Thread 0x00000192b5d37620 Exception <a 'java/lang/NoSuchMethodError'{0x000000008794a9c8}: 'void java.lang.invoke.DirectMethodHandle$Holder.invokeSpecial(java.lang.Object, java.lang.Object, java.lang.Object, java.lang.Object, java.lang.Object)'> (0x000000008794a9c8) 
thrown [./open/src/hotspot/share/interpreter/linkResolver.cpp, line 782]
Event: 1.389 Thread 0x00000192b5d37620 Exception <a 'java/lang/NoSuchMethodError'{0x00000000879dc978}: 'void java.lang.invoke.DirectMethodHandle$Holder.invokeInterface(java.lang.Object, java.lang.Object, java.lang.Object, java.lang.Object)'> (0x00000000879dc978) 
thrown [./open/src/hotspot/share/interpreter/linkResolver.cpp, line 782]
Event: 1.390 Thread 0x00000192b5d37620 Exception <a 'java/lang/IncompatibleClassChangeError'{0x00000000879e04a0}: Found class java.lang.Object, but interface was expected> (0x00000000879e04a0) 
thrown [./open/src/hotspot/share/interpreter/linkResolver.cpp, line 848]
Event: 1.407 Thread 0x00000192b5d37620 Exception <a 'java/lang/NoSuchMethodError'{0x00000000879fa4b0}: 'void java.lang.invoke.DirectMethodHandle$Holder.invokeStatic(java.lang.Object, java.lang.Object, java.lang.Object, java.lang.Object)'> (0x00000000879fa4b0) 
thrown [./open/src/hotspot/share/interpreter/linkResolver.cpp, line 782]
Event: 1.420 Thread 0x00000192b5d37620 Exception <a 'java/lang/NoSuchMethodError'{0x000000008850e760}: 'java.lang.Object java.lang.invoke.DirectMethodHandle$Holder.invokeVirtual(java.lang.Object, java.lang.Object, java.lang.Object)'> (0x000000008850e760) 
thrown [./open/src/hotspot/share/interpreter/linkResolver.cpp, line 782]
Event: 1.468 Thread 0x00000192b5d37620 Exception <a 'java/lang/NoSuchMethodError'{0x00000000884232f8}: 'int java.lang.invoke.DirectMethodHandle$Holder.invokeStatic(java.lang.Object, java.lang.Object, java.lang.Object, java.lang.Object)'> (0x00000000884232f8) 
thrown [./open/src/hotspot/share/interpreter/linkResolver.cpp, line 782]
Event: 1.469 Thread 0x00000192b5d37620 Exception <a 'java/lang/NoSuchMethodError'{0x0000000088426e50}: 'java.lang.Object java.lang.invoke.Invokers$Holder.invokeExact_MT(java.lang.Object, java.lang.Object, java.lang.Object, java.lang.Object, java.lang.Object, java.lang.Object)'> (0x0000000088426e50) 
thrown [./open/src/hotspot/share/interpreter/linkResolver.cpp, line 782]
Event: 1.480 Thread 0x00000192b5d37620 Exception <a 'java/lang/NoSuchMethodError'{0x0000000088437b40}: 'int java.lang.invoke.DirectMethodHandle$Holder.invokeStatic(java.lang.Object, java.lang.Object, java.lang.Object, java.lang.Object, java.lang.Object)'> (0x0000000088437b40) 
thrown [./open/src/hotspot/share/interpreter/linkResolver.cpp, line 782]
Event: 1.564 Thread 0x00000192b5d37620 Exception <a 'java/lang/NoSuchMethodError'{0x000000008836b180}: 'int java.lang.invoke.DirectMethodHandle$Holder.invokeStaticInit(java.lang.Object, java.lang.Object, java.lang.Object)'> (0x000000008836b180) 
thrown [./open/src/hotspot/share/interpreter/linkResolver.cpp, line 782]
Event: 1.644 Thread 0x00000192b5d37620 Exception <a 'java/lang/NoSuchMethodError'{0x0000000088249928}: 'java.lang.Object java.lang.invoke.DirectMethodHandle$Holder.newInvokeSpecial(java.lang.Object, java.lang.Object, java.lang.Object, java.lang.Object, java.lang.Object, java.lang.Object, java.lang.Object)'> (0x0000000088249928) 
thrown [./open/src/hotspot/share/interpreter/linkResolver.cpp, line 782]
Event: 1.644 Thread 0x00000192b5d37620 Exception <a 'java/lang/NoSuchMethodError'{0x000000008824e6e0}: 'java.lang.Object java.lang.invoke.Invokers$Holder.linkToTargetMethod(java.lang.Object, java.lang.Object, java.lang.Object, java.lang.Object, java.lang.Object, java.lang.Object, java.lang.Object)'> (0x000000008824e6e0) 
thrown [./open/src/hotspot/share/interpreter/linkResolver.cpp, line 782]
Event: 1.648 Thread 0x00000192b5d37620 Exception <a 'java/lang/NoSuchMethodError'{0x000000008825a550}: 'java.lang.Object java.lang.invoke.DirectMethodHandle$Holder.invokeInterface(java.lang.Object, java.lang.Object, java.lang.Object, java.lang.Object, java.lang.Object)'> (0x000000008825a550) 
thrown [./open/src/hotspot/share/interpreter/linkResolver.cpp, line 782]
Event: 1.649 Thread 0x00000192b5d37620 Exception <a 'java/lang/IncompatibleClassChangeError'{0x000000008825e548}: Found class java.lang.Object, but interface was expected> (0x000000008825e548) 
thrown [./open/src/hotspot/share/interpreter/linkResolver.cpp, line 848]
Event: 999.153 Thread 0x00000192dcbda930 Exception <a 'java/lang/LinkageError'{0x0000000088002170}> (0x0000000088002170) 
thrown [./open/src/hotspot/share/oops/generateOopMap.cpp, line 2137]

Events (20 events):
Event: 462.339 Executing VM operation: GetStackTrace
Event: 462.339 Executing VM operation: GetStackTrace done
Event: 533.495 Executing VM operation: ChangeBreakpoints
Event: 533.495 Executing VM operation: ChangeBreakpoints done
Event: 533.496 Executing VM operation: ChangeBreakpoints
Event: 533.497 Executing VM operation: ChangeBreakpoints done
Event: 577.268 Executing VM operation: ChangeBreakpoints
Event: 577.268 Executing VM operation: ChangeBreakpoints done
Event: 999.056 Executing VM operation: GetFrameCount
Event: 999.056 Executing VM operation: GetFrameCount done
Event: 999.056 Executing VM operation: GetFrameCount
Event: 999.056 Executing VM operation: GetFrameCount done
Event: 999.056 Executing VM operation: GetStackTrace
Event: 999.056 Executing VM operation: GetStackTrace done
Event: 999.135 Executing VM operation: GetFrameCount
Event: 999.135 Executing VM operation: GetFrameCount done
Event: 999.135 Executing VM operation: GetStackTrace
Event: 999.135 Executing VM operation: GetStackTrace done
Event: 999.153 Executing VM operation: GetFrameLocation
Event: 999.153 Executing VM operation: GetFrameLocation done


Dynamic libraries:
0x00007ff7e7860000 - 0x00007ff7e786d000 	d:\Users\kostya\.jdks\openjdk-15.0.2\bin\java.exe
0x00007ffd7ef70000 - 0x00007ffd7f140000 	C:\Windows\SYSTEM32\ntdll.dll
0x00007ffd7e260000 - 0x00007ffd7e30b000 	C:\Windows\System32\KERNEL32.DLL
0x00007ffd7b580000 - 0x00007ffd7b79d000 	C:\Windows\System32\KERNELBASE.dll
0x00007ffd7c0f0000 - 0x00007ffd7c1e4000 	C:\Windows\System32\ucrtbase.dll
0x00007ffd76e60000 - 0x00007ffd76e78000 	d:\Users\kostya\.jdks\openjdk-15.0.2\bin\jli.dll
0x00007ffd7de20000 - 0x00007ffd7df85000 	C:\Windows\System32\USER32.dll
0x00007ffd7c4e0000 - 0x00007ffd7c4fe000 	C:\Windows\System32\win32u.dll
0x00007ffd7dde0000 - 0x00007ffd7de14000 	C:\Windows\System32\GDI32.dll
0x00007ffd7c1f0000 - 0x00007ffd7c371000 	C:\Windows\System32\gdi32full.dll
0x00007ffd76870000 - 0x00007ffd76889000 	d:\Users\kostya\.jdks\openjdk-15.0.2\bin\VCRUNTIME140.dll
0x00007ffd6bb80000 - 0x00007ffd6bdfa000 	C:\Windows\WinSxS\amd64_microsoft.windows.common-controls_6595b64144ccf1df_6.0.14393.2848_none_7ddecd5e83436d8c\COMCTL32.dll
0x00007ffd7df90000 - 0x00007ffd7e02e000 	C:\Windows\System32\msvcrt.dll
0x00007ffd7eca0000 - 0x00007ffd7ef65000 	C:\Windows\System32\combase.dll
0x00007ffd7c560000 - 0x00007ffd7c681000 	C:\Windows\System32\RPCRT4.dll
0x00007ffd7b510000 - 0x00007ffd7b57a000 	C:\Windows\System32\bcryptPrimitives.dll
0x00007ffd7e090000 - 0x00007ffd7e0be000 	C:\Windows\System32\IMM32.DLL
0x00007ffd78cd0000 - 0x00007ffd78cdc000 	d:\Users\kostya\.jdks\openjdk-15.0.2\bin\vcruntime140_1.dll
0x00007ffd6a4b0000 - 0x00007ffd6a541000 	d:\Users\kostya\.jdks\openjdk-15.0.2\bin\msvcp140.dll
0x00007ffd4eb20000 - 0x00007ffd4f67e000 	d:\Users\kostya\.jdks\openjdk-15.0.2\bin\server\jvm.dll
0x00007ffd7dd20000 - 0x00007ffd7ddc2000 	C:\Windows\System32\ADVAPI32.dll
0x00007ffd7e0c0000 - 0x00007ffd7e119000 	C:\Windows\System32\sechost.dll
0x00007ffd7ddd0000 - 0x00007ffd7ddd8000 	C:\Windows\System32\PSAPI.DLL
0x00007ffd721d0000 - 0x00007ffd721d9000 	C:\Windows\SYSTEM32\WSOCK32.dll
0x00007ffd7e740000 - 0x00007ffd7e7aa000 	C:\Windows\System32\WS2_32.dll
0x00007ffd79220000 - 0x00007ffd79243000 	C:\Windows\SYSTEM32\WINMM.dll
0x00007ffd76400000 - 0x00007ffd7640a000 	C:\Windows\SYSTEM32\VERSION.dll
0x00007ffd791c0000 - 0x00007ffd791eb000 	C:\Windows\SYSTEM32\WINMMBASE.dll
0x00007ffd7c3e0000 - 0x00007ffd7c422000 	C:\Windows\System32\cfgmgr32.dll
0x00007ffd7b3f0000 - 0x00007ffd7b3ff000 	C:\Windows\System32\kernel.appcore.dll
0x00007ffd78b00000 - 0x00007ffd78b0a000 	d:\Users\kostya\.jdks\openjdk-15.0.2\bin\jimage.dll
0x00007ffd6def0000 - 0x00007ffd6e082000 	C:\Windows\SYSTEM32\DBGHELP.DLL
0x00007ffd6de60000 - 0x00007ffd6de89000 	C:\Windows\SYSTEM32\dbgcore.DLL
0x00007ffd6e460000 - 0x00007ffd6e499000 	d:\Users\kostya\.jdks\openjdk-15.0.2\bin\jdwp.dll
0x00007ffd725a0000 - 0x00007ffd725ae000 	d:\Users\kostya\.jdks\openjdk-15.0.2\bin\instrument.dll
0x00007ffd72370000 - 0x00007ffd72395000 	d:\Users\kostya\.jdks\openjdk-15.0.2\bin\java.dll
0x00007ffd7c810000 - 0x00007ffd7dd15000 	C:\Windows\System32\SHELL32.dll
0x00007ffd7b7a0000 - 0x00007ffd7be79000 	C:\Windows\System32\windows.storage.dll
0x00007ffd7b410000 - 0x00007ffd7b45c000 	C:\Windows\System32\powrprof.dll
0x00007ffd7e480000 - 0x00007ffd7e4d2000 	C:\Windows\System32\shlwapi.dll
0x00007ffd7b460000 - 0x00007ffd7b509000 	C:\Windows\System32\shcore.dll
0x00007ffd7b3d0000 - 0x00007ffd7b3e4000 	C:\Windows\System32\profapi.dll
0x00007ffd72320000 - 0x00007ffd7232b000 	d:\Users\kostya\.jdks\openjdk-15.0.2\bin\dt_socket.dll
0x00007ffd7aa80000 - 0x00007ffd7aab8000 	C:\Windows\SYSTEM32\IPHLPAPI.DLL
0x00007ffd7ad00000 - 0x00007ffd7ad5c000 	C:\Windows\system32\mswsock.dll
0x00007ffd72430000 - 0x00007ffd72448000 	d:\Users\kostya\.jdks\openjdk-15.0.2\bin\zip.dll
0x00007ffd767f0000 - 0x00007ffd76809000 	D:\Users\kostya\.jdks\openjdk-15.0.2\bin\net.dll
0x00007ffd77df0000 - 0x00007ffd77ebc000 	C:\Windows\SYSTEM32\WINHTTP.dll
0x00007ffd72470000 - 0x00007ffd72482000 	D:\Users\kostya\.jdks\openjdk-15.0.2\bin\nio.dll

dbghelp: loaded successfully - version: 4.0.5 - missing functions: none
symbol engine: initialized successfully - sym options: 0x614 - pdb path: .;d:\Users\kostya\.jdks\openjdk-15.0.2\bin;C:\Windows\SYSTEM32;C:\Windows\WinSxS\amd64_microsoft.windows.common-controls_6595b64144ccf1df_6.0.14393.2848_none_7ddecd5e83436d8c;d:\Users\kostya\.jdks\openjdk-15.0.2\bin\server

VM Arguments:
jvm_args: -agentlib:jdwp=transport=dt_socket,address=127.0.0.1:53594,suspend=y,server=n -ea -Didea.test.cyclic.buffer.size=1048576 -javaagent:d:\Users\kostya\AppData\Local\JetBrains\IdeaIC2020.3\captureAgent\debugger-agent.jar -Dfile.encoding=UTF-8 
java_command: com.intellij.rt.junit.JUnitStarter -ideVersion5 -junit5 object.MemoryTest
java_class_path (initial): C:\Program Files\JetBrains\IntelliJ IDEA Community Edition 2020.3.1\lib\idea_rt.jar;D:\Users\kostya\.m2\repository\org\junit\platform\junit-platform-launcher\1.7.0\junit-platform-launcher-1.7.0.jar;D:\Users\kostya\.m2\repository\org\junit\platform\junit-platform-engine\1.7.0\junit-platform-engine-1.7.0.jar;D:\Users\kostya\.m2\repository\org\junit\jupiter\junit-jupiter-engine\5.7.0\junit-jupiter-engine-5.7.0.jar;C:\Program Files\JetBrains\IntelliJ IDEA Community Edition 2020.3.1\plugins\junit\lib\junit5-rt.jar;C:\Program Files\JetBrains\IntelliJ IDEA Community Edition 2020.3.1\plugins\junit\lib\junit-rt.jar;D:\Users\kostya\IdeaProjects\HWwithOOP\target\test-classes;D:\Users\kostya\IdeaProjects\HWwithOOP\target\classes;D:\Users\kostya\.m2\repository\org\junit\jupiter\junit-jupiter-api\5.7.0\junit-jupiter-api-5.7.0.jar;D:\Users\kostya\.m2\repository\org\apiguardian\apiguardian-api\1.1.0\apiguardian-api-1.1.0.jar;D:\Users\kostya\.m2\repository\org\opentest4j\opentest4j\1.2.0\opentest4j-1.2.0.jar;D:\Users\kostya\.m2\repository\org\junit\platform\junit-platform-commons\1.7.0\junit-platform-commons-1.7.0.jar
Launcher Type: SUN_STANDARD

[Global flags]
     intx CICompilerCount                          = 3                                         {product} {ergonomic}
     uint ConcGCThreads                            = 1                                         {product} {ergonomic}
     uint G1ConcRefinementThreads                  = 4                                         {product} {ergonomic}
   size_t G1HeapRegionSize                         = 1048576                                   {product} {ergonomic}
    uintx GCDrainStackTargetSize                   = 64                                        {product} {ergonomic}
   size_t InitialHeapSize                          = 134217728                                 {product} {ergonomic}
   size_t MarkStackSize                            = 4194304                                   {product} {ergonomic}
   size_t MaxHeapSize                              = 2141192192                                {product} {ergonomic}
   size_t MaxNewSize                               = 1284505600                                {product} {ergonomic}
   size_t MinHeapDeltaBytes                        = 1048576                                   {product} {ergonomic}
   size_t MinHeapSize                              = 8388608                                   {product} {ergonomic}
    uintx NonNMethodCodeHeapSize                   = 5832780                                {pd product} {ergonomic}
    uintx NonProfiledCodeHeapSize                  = 122912730                              {pd product} {ergonomic}
    uintx ProfiledCodeHeapSize                     = 122912730                              {pd product} {ergonomic}
    uintx ReservedCodeCacheSize                    = 251658240                              {pd product} {ergonomic}
     bool SegmentedCodeCache                       = true                                      {product} {ergonomic}
   size_t SoftMaxHeapSize                          = 2141192192                             {manageable} {ergonomic}
     bool UseCompressedClassPointers               = true                                 {lp64_product} {ergonomic}
     bool UseCompressedOops                        = true                                 {lp64_product} {ergonomic}
     bool UseG1GC                                  = true                                      {product} {ergonomic}
     bool UseLargePagesIndividualAllocation        = false                                  {pd product} {ergonomic}

Logging:
Log output configuration:
 #0: stdout all=warning uptime,level,tags
 #1: stderr all=off uptime,level,tags

Environment Variables:
PATH=C:\Oracle92\BIN;C:\Oracle\BIN;C:\Windows\system32;C:\Windows;C:\Windows\System32\Wbem;C:\Windows\System32\WindowsPowerShell\v1.0\;C:\Program Files (x86)\Common Files\Acronis\SnapAPI\;C:\Program Files\Git\cmd;d:\Users\kostya\AppData\Local\Microsoft\WindowsApps;
USERNAME=kostya
OS=Windows_NT
PROCESSOR_IDENTIFIER=Intel64 Family 6 Model 42 Stepping 7, GenuineIntel



---------------  S Y S T E M  ---------------

OS:
 Windows 10 , 64 bit Build 14393 (10.0.14393.2906)
OS uptime: 0 days 5:21 hours

CPU: total 4 (initial active 4) (2 cores per cpu, 2 threads per core) family 6 model 42 stepping 7 microcode 0x2e, cmov, cx8, fxsr, mmx, sse, sse2, sse3, ssse3, sse4.1, sse4.2, popcnt, vzeroupper, avx, clmul, ht, tsc, tscinvbit, clflush

Memory: 4k page, system-wide physical 8166M (1468M free)
TotalPageFile size 15590M (AvailPageFile size 3411M)
current process WorkingSet (physical memory assigned to process): 57M, peak: 60M
current process commit charge ("private bytes"): 212M, peak: 215M

vm_info: OpenJDK 64-Bit Server VM (15.0.2+7-27) for windows-amd64 JRE (15.0.2+7-27), built on Dec  7 2020 20:02:38 by "mach5one" with unknown MS VC++:1925

END.
